Added Component: Designator=C1(C0603)
Add component (AddParameter): Name = "LatestRevisionDate"; Value = "17-Jul-2002"; VariantName = "[No Variations]"
Add component (AddParameter): Name = "LatestRevisionNote"; Value = "Re-released for DXP Platform."; VariantName = "[No Variations]"
Add component (AddParameter): Name = "Published"; Value = "8-Jun-2000"; VariantName = "[No Variations]"
Add component (AddParameter): Name = "Publisher"; Value = "Altium Limited"; VariantName = "[No Variations]"
Add component (AddParameter): Name = "Value"; Value = "104"; VariantName = "[No Variations]"
Added Component: Designator=C2(C0603)
Add component (AddParameter): Name = "LatestRevisionDate"; Value = "17-Jul-2002"; VariantName = "[No Variations]"
Add component (AddParameter): Name = "LatestRevisionNote"; Value = "Re-released for DXP Platform."; VariantName = "[No Variations]"
Add component (AddParameter): Name = "Published"; Value = "8-Jun-2000"; VariantName = "[No Variations]"
Add component (AddParameter): Name = "Publisher"; Value = "Altium Limited"; VariantName = "[No Variations]"
Add component (AddParameter): Name = "Value"; Value = "104"; VariantName = "[No Variations]"
Added Component: Designator=C3(C0603)
Add component (AddParameter): Name = "LatestRevisionDate"; Value = "17-Jul-2002"; VariantName = "[No Variations]"
Add component (AddParameter): Name = "LatestRevisionNote"; Value = "Re-released for DXP Platform."; VariantName = "[No Variations]"
Add component (AddParameter): Name = "Published"; Value = "8-Jun-2000"; VariantName = "[No Variations]"
Add component (AddParameter): Name = "Publisher"; Value = "Altium Limited"; VariantName = "[No Variations]"
Add component (AddParameter): Name = "Value"; Value = "104"; VariantName = "[No Variations]"
Added Component: Designator=C4(C0603)
Add component (AddParameter): Name = "LatestRevisionDate"; Value = "17-Jul-2002"; VariantName = "[No Variations]"
Add component (AddParameter): Name = "LatestRevisionNote"; Value = "Re-released for DXP Platform."; VariantName = "[No Variations]"
Add component (AddParameter): Name = "Published"; Value = "8-Jun-2000"; VariantName = "[No Variations]"
Add component (AddParameter): Name = "Publisher"; Value = "Altium Limited"; VariantName = "[No Variations]"
Add component (AddParameter): Name = "Value"; Value = "104"; VariantName = "[No Variations]"
Added Component: Designator=C7(C0603)
Add component (AddParameter): Name = "LatestRevisionDate"; Value = "17-Jul-2002"; VariantName = "[No Variations]"
Add component (AddParameter): Name = "LatestRevisionNote"; Value = "Re-released for DXP Platform."; VariantName = "[No Variations]"
Add component (AddParameter): Name = "Published"; Value = "8-Jun-2000"; VariantName = "[No Variations]"
Add component (AddParameter): Name = "Publisher"; Value = "Altium Limited"; VariantName = "[No Variations]"
Add component (AddParameter): Name = "Value"; Value = "104"; VariantName = "[No Variations]"
Added Component: Designator=C8(C0603)
Add component (AddParameter): Name = "LatestRevisionDate"; Value = "17-Jul-2002"; VariantName = "[No Variations]"
Add component (AddParameter): Name = "LatestRevisionNote"; Value = "Re-released for DXP Platform."; VariantName = "[No Variations]"
Add component (AddParameter): Name = "Published"; Value = "8-Jun-2000"; VariantName = "[No Variations]"
Add component (AddParameter): Name = "Publisher"; Value = "Altium Limited"; VariantName = "[No Variations]"
Add component (AddParameter): Name = "Value"; Value = "104"; VariantName = "[No Variations]"
Added Component: Designator=C9(C0603)
Add component (AddParameter): Name = "LatestRevisionDate"; Value = "17-Jul-2002"; VariantName = "[No Variations]"
Add component (AddParameter): Name = "LatestRevisionNote"; Value = "Re-released for DXP Platform."; VariantName = "[No Variations]"
Add component (AddParameter): Name = "Published"; Value = "8-Jun-2000"; VariantName = "[No Variations]"
Add component (AddParameter): Name = "Publisher"; Value = "Altium Limited"; VariantName = "[No Variations]"
Add component (AddParameter): Name = "Value"; Value = "104"; VariantName = "[No Variations]"
Added Component: Designator=C10(C0603)
Add component (AddParameter): Name = "LatestRevisionDate"; Value = "17-Jul-2002"; VariantName = "[No Variations]"
Add component (AddParameter): Name = "LatestRevisionNote"; Value = "Re-released for DXP Platform."; VariantName = "[No Variations]"
Add component (AddParameter): Name = "Published"; Value = "8-Jun-2000"; VariantName = "[No Variations]"
Add component (AddParameter): Name = "Publisher"; Value = "Altium Limited"; VariantName = "[No Variations]"
Add component (AddParameter): Name = "Value"; Value = "104"; VariantName = "[No Variations]"
Added Component: Designator=C11(C0603)
Add component (AddParameter): Name = "LatestRevisionDate"; Value = "17-Jul-2002"; VariantName = "[No Variations]"
Add component (AddParameter): Name = "LatestRevisionNote"; Value = "Re-released for DXP Platform."; VariantName = "[No Variations]"
Add component (AddParameter): Name = "Published"; Value = "8-Jun-2000"; VariantName = "[No Variations]"
Add component (AddParameter): Name = "Publisher"; Value = "Altium Limited"; VariantName = "[No Variations]"
Add component (AddParameter): Name = "Value"; Value = "104"; VariantName = "[No Variations]"
Added Component: Designator=C12(C0603)
Add component (AddParameter): Name = "LatestRevisionDate"; Value = "17-Jul-2002"; VariantName = "[No Variations]"
Add component (AddParameter): Name = "LatestRevisionNote"; Value = "Re-released for DXP Platform."; VariantName = "[No Variations]"
Add component (AddParameter): Name = "Published"; Value = "8-Jun-2000"; VariantName = "[No Variations]"
Add component (AddParameter): Name = "Publisher"; Value = "Altium Limited"; VariantName = "[No Variations]"
Add component (AddParameter): Name = "Value"; Value = "104"; VariantName = "[No Variations]"
Added Component: Designator=C13(C0603)
Add component (AddParameter): Name = "LatestRevisionDate"; Value = "17-Jul-2002"; VariantName = "[No Variations]"
Add component (AddParameter): Name = "LatestRevisionNote"; Value = "Re-released for DXP Platform."; VariantName = "[No Variations]"
Add component (AddParameter): Name = "Published"; Value = "8-Jun-2000"; VariantName = "[No Variations]"
Add component (AddParameter): Name = "Publisher"; Value = "Altium Limited"; VariantName = "[No Variations]"
Add component (AddParameter): Name = "Value"; Value = "104"; VariantName = "[No Variations]"
Added Component: Designator=C14(C0603)
Add component (AddParameter): Name = "LatestRevisionDate"; Value = "17-Jul-2002"; VariantName = "[No Variations]"
Add component (AddParameter): Name = "LatestRevisionNote"; Value = "Re-released for DXP Platform."; VariantName = "[No Variations]"
Add component (AddParameter): Name = "Published"; Value = "8-Jun-2000"; VariantName = "[No Variations]"
Add component (AddParameter): Name = "Publisher"; Value = "Altium Limited"; VariantName = "[No Variations]"
Add component (AddParameter): Name = "Value"; Value = "104"; VariantName = "[No Variations]"
Added Component: Designator=C15(C0603)
Add component (AddParameter): Name = "LatestRevisionDate"; Value = "17-Jul-2002"; VariantName = "[No Variations]"
Add component (AddParameter): Name = "LatestRevisionNote"; Value = "Re-released for DXP Platform."; VariantName = "[No Variations]"
Add component (AddParameter): Name = "Published"; Value = "8-Jun-2000"; VariantName = "[No Variations]"
Add component (AddParameter): Name = "Publisher"; Value = "Altium Limited"; VariantName = "[No Variations]"
Add component (AddParameter): Name = "Value"; Value = "104"; VariantName = "[No Variations]"
Added Component: Designator=C16(C0603)
Add component (AddParameter): Name = "LatestRevisionDate"; Value = "17-Jul-2002"; VariantName = "[No Variations]"
Add component (AddParameter): Name = "LatestRevisionNote"; Value = "Re-released for DXP Platform."; VariantName = "[No Variations]"
Add component (AddParameter): Name = "Published"; Value = "8-Jun-2000"; VariantName = "[No Variations]"
Add component (AddParameter): Name = "Publisher"; Value = "Altium Limited"; VariantName = "[No Variations]"
Add component (AddParameter): Name = "Value"; Value = "104"; VariantName = "[No Variations]"
Added Component: Designator=D1(LED)
Added Component: Designator=D2(LED)
Added Component: Designator=J1(HDR2X3)
Add component (AddParameter): Name = "LatestRevisionDate"; Value = "17-Jul-2002"; VariantName = "[No Variations]"
Add component (AddParameter): Name = "LatestRevisionNote"; Value = "Re-released for DXP Platform."; VariantName = "[No Variations]"
Add component (AddParameter): Name = "Publisher"; Value = "Altium Limited"; VariantName = "[No Variations]"
Added Component: Designator=J2(HDR1X4H)
Add component (AddParameter): Name = "LatestRevisionDate"; Value = "17-Jul-2002"; VariantName = "[No Variations]"
Add component (AddParameter): Name = "LatestRevisionNote"; Value = "Re-released for DXP Platform."; VariantName = "[No Variations]"
Add component (AddParameter): Name = "Publisher"; Value = "Altium Limited"; VariantName = "[No Variations]"
Added Component: Designator=J3(HDR1X20)
Add component (AddParameter): Name = "LatestRevisionDate"; Value = "17-Jul-2002"; VariantName = "[No Variations]"
Add component (AddParameter): Name = "LatestRevisionNote"; Value = "Re-released for DXP Platform."; VariantName = "[No Variations]"
Add component (AddParameter): Name = "Publisher"; Value = "Altium Limited"; VariantName = "[No Variations]"
Added Component: Designator=J4(HDR1X20)
Add component (AddParameter): Name = "LatestRevisionDate"; Value = "17-Jul-2002"; VariantName = "[No Variations]"
Add component (AddParameter): Name = "LatestRevisionNote"; Value = "Re-released for DXP Platform."; VariantName = "[No Variations]"
Add component (AddParameter): Name = "Publisher"; Value = "Altium Limited"; VariantName = "[No Variations]"
Added Component: Designator=R1(R0603)
Add component (AddParameter): Name = "LatestRevisionDate"; Value = "17-Jul-2002"; VariantName = "[No Variations]"
Add component (AddParameter): Name = "LatestRevisionNote"; Value = "Re-released for DXP Platform."; VariantName = "[No Variations]"
Add component (AddParameter): Name = "Published"; Value = "8-Jun-2000"; VariantName = "[No Variations]"
Add component (AddParameter): Name = "Publisher"; Value = "Altium Limited"; VariantName = "[No Variations]"
Added Component: Designator=R2(R0603)
Add component (AddParameter): Name = "LatestRevisionDate"; Value = "17-Jul-2002"; VariantName = "[No Variations]"
Add component (AddParameter): Name = "LatestRevisionNote"; Value = "Re-released for DXP Platform."; VariantName = "[No Variations]"
Add component (AddParameter): Name = "Published"; Value = "8-Jun-2000"; VariantName = "[No Variations]"
Add component (AddParameter): Name = "Publisher"; Value = "Altium Limited"; VariantName = "[No Variations]"
Added Component: Designator=R3(R0603)
Add component (AddParameter): Name = "LatestRevisionDate"; Value = "17-Jul-2002"; VariantName = "[No Variations]"
Add component (AddParameter): Name = "LatestRevisionNote"; Value = "Re-released for DXP Platform."; VariantName = "[No Variations]"
Add component (AddParameter): Name = "Published"; Value = "8-Jun-2000"; VariantName = "[No Variations]"
Add component (AddParameter): Name = "Publisher"; Value = "Altium Limited"; VariantName = "[No Variations]"
Added Component: Designator=R4(R0603)
Add component (AddParameter): Name = "LatestRevisionDate"; Value = "17-Jul-2002"; VariantName = "[No Variations]"
Add component (AddParameter): Name = "LatestRevisionNote"; Value = "Re-released for DXP Platform."; VariantName = "[No Variations]"
Add component (AddParameter): Name = "Published"; Value = "8-Jun-2000"; VariantName = "[No Variations]"
Add component (AddParameter): Name = "Publisher"; Value = "Altium Limited"; VariantName = "[No Variations]"
Added Component: Designator=R5(R0603)
Add component (AddParameter): Name = "LatestRevisionDate"; Value = "17-Jul-2002"; VariantName = "[No Variations]"
Add component (AddParameter): Name = "LatestRevisionNote"; Value = "Re-released for DXP Platform."; VariantName = "[No Variations]"
Add component (AddParameter): Name = "Published"; Value = "8-Jun-2000"; VariantName = "[No Variations]"
Add component (AddParameter): Name = "Publisher"; Value = "Altium Limited"; VariantName = "[No Variations]"
Added Component: Designator=R6(R0603)
Add component (AddParameter): Name = "LatestRevisionDate"; Value = "17-Jul-2002"; VariantName = "[No Variations]"
Add component (AddParameter): Name = "LatestRevisionNote"; Value = "Re-released for DXP Platform."; VariantName = "[No Variations]"
Add component (AddParameter): Name = "Published"; Value = "8-Jun-2000"; VariantName = "[No Variations]"
Add component (AddParameter): Name = "Publisher"; Value = "Altium Limited"; VariantName = "[No Variations]"
Added Component: Designator=R7(R0603)
Add component (AddParameter): Name = "LatestRevisionDate"; Value = "17-Jul-2002"; VariantName = "[No Variations]"
Add component (AddParameter): Name = "LatestRevisionNote"; Value = "Re-released for DXP Platform."; VariantName = "[No Variations]"
Add component (AddParameter): Name = "Published"; Value = "8-Jun-2000"; VariantName = "[No Variations]"
Add component (AddParameter): Name = "Publisher"; Value = "Altium Limited"; VariantName = "[No Variations]"
Added Component: Designator=R8(R0603)
Add component (AddParameter): Name = "LatestRevisionDate"; Value = "17-Jul-2002"; VariantName = "[No Variations]"
Add component (AddParameter): Name = "LatestRevisionNote"; Value = "Re-released for DXP Platform."; VariantName = "[No Variations]"
Add component (AddParameter): Name = "Published"; Value = "8-Jun-2000"; VariantName = "[No Variations]"
Add component (AddParameter): Name = "Publisher"; Value = "Altium Limited"; VariantName = "[No Variations]"
Added Component: Designator=SW1(KET-SMT-2)
Added Component: Designator=U1(48P)
Added Component: Designator=U2(SOP_8(OPA))
Added Component: Designator=U3(SOT-23-3)
Added Component: Designator=USB1(Type-C_USB)
Added Component: Designator=X1(XTAL1)
Added Component: Designator=X2(MC-306)
Added Pin To Net: NetName=GND Pin=C1-1
Added Pin To Net: NetName=NetC1_2 Pin=C1-2
Added Pin To Net: NetName=GND Pin=C2-1
Added Pin To Net: NetName=VCC5 Pin=C2-2
Added Pin To Net: NetName=GND Pin=C3-1
Added Pin To Net: NetName=VCC5 Pin=C3-2
Added Pin To Net: NetName=GND Pin=C4-1
Added Pin To Net: NetName=VCC3V3 Pin=C4-2
Added Pin To Net: NetName=VCC3V3 Pin=C7-1
Added Pin To Net: NetName=GND Pin=C7-2
Added Pin To Net: NetName=VCC3V3 Pin=C8-1
Added Pin To Net: NetName=GND Pin=C8-2
Added Pin To Net: NetName=VCC3V3 Pin=C9-1
Added Pin To Net: NetName=GND Pin=C9-2
Added Pin To Net: NetName=VCC3V3 Pin=C10-1
Added Pin To Net: NetName=GND Pin=C10-2
Added Pin To Net: NetName=GND Pin=C11-1
Added Pin To Net: NetName=RESET Pin=C11-2
Added Pin To Net: NetName=GND Pin=C12-1
Added Pin To Net: NetName=PC14 Pin=C12-2
Added Pin To Net: NetName=GND Pin=C13-1
Added Pin To Net: NetName=PC15 Pin=C13-2
Added Pin To Net: NetName=GND Pin=C14-1
Added Pin To Net: NetName=OSCIN Pin=C14-2
Added Pin To Net: NetName=GND Pin=C15-1
Added Pin To Net: NetName=OSCOUT Pin=C15-2
Added Pin To Net: NetName=GND Pin=C16-1
Added Pin To Net: NetName=VCC3V3 Pin=C16-2
Added Pin To Net: NetName=VCC3V3 Pin=D1-1
Added Pin To Net: NetName=NetD1_K Pin=D1-2
Added Pin To Net: NetName=VCC3V3 Pin=D2-1
Added Pin To Net: NetName=NetD2_K Pin=D2-2
Added Pin To Net: NetName=VCC3V3 Pin=J1-1
Added Pin To Net: NetName=VCC3V3 Pin=J1-2
Added Pin To Net: NetName=NetJ1_3 Pin=J1-3
Added Pin To Net: NetName=NetJ1_4 Pin=J1-4
Added Pin To Net: NetName=GND Pin=J1-5
Added Pin To Net: NetName=GND Pin=J1-6
Added Pin To Net: NetName=VCC3V3 Pin=J2-1
Added Pin To Net: NetName=SWDIO Pin=J2-2
Added Pin To Net: NetName=SWCLK Pin=J2-3
Added Pin To Net: NetName=GND Pin=J2-4
Added Pin To Net: NetName=VBAT Pin=J3-1
Added Pin To Net: NetName=PC13 Pin=J3-2
Added Pin To Net: NetName=PC14 Pin=J3-3
Added Pin To Net: NetName=PC15 Pin=J3-4
Added Pin To Net: NetName=PA0 Pin=J3-5
Added Pin To Net: NetName=PA1 Pin=J3-6
Added Pin To Net: NetName=PA2 Pin=J3-7
Added Pin To Net: NetName=PA3 Pin=J3-8
Added Pin To Net: NetName=PA4 Pin=J3-9
Added Pin To Net: NetName=PA5 Pin=J3-10
Added Pin To Net: NetName=PA6 Pin=J3-11
Added Pin To Net: NetName=PA7 Pin=J3-12
Added Pin To Net: NetName=PB0 Pin=J3-13
Added Pin To Net: NetName=PB1 Pin=J3-14
Added Pin To Net: NetName=PB10 Pin=J3-15
Added Pin To Net: NetName=PB11 Pin=J3-16
Added Pin To Net: NetName=RESET Pin=J3-17
Added Pin To Net: NetName=VCC3V3 Pin=J3-18
Added Pin To Net: NetName=GND Pin=J3-19
Added Pin To Net: NetName=GND Pin=J3-20
Added Pin To Net: NetName=VCC3V3 Pin=J4-1
Added Pin To Net: NetName=GND Pin=J4-2
Added Pin To Net: NetName=VCC5 Pin=J4-3
Added Pin To Net: NetName=PB9 Pin=J4-4
Added Pin To Net: NetName=PB8 Pin=J4-5
Added Pin To Net: NetName=PB7 Pin=J4-6
Added Pin To Net: NetName=PB6 Pin=J4-7
Added Pin To Net: NetName=PB5 Pin=J4-8
Added Pin To Net: NetName=PB4 Pin=J4-9
Added Pin To Net: NetName=PB3 Pin=J4-10
Added Pin To Net: NetName=PA15 Pin=J4-11
Added Pin To Net: NetName=PA12 Pin=J4-12
Added Pin To Net: NetName=PA11 Pin=J4-13
Added Pin To Net: NetName=PA10 Pin=J4-14
Added Pin To Net: NetName=PA9 Pin=J4-15
Added Pin To Net: NetName=PA8 Pin=J4-16
Added Pin To Net: NetName=PB15 Pin=J4-17
Added Pin To Net: NetName=PB14 Pin=J4-18
Added Pin To Net: NetName=PB13 Pin=J4-19
Added Pin To Net: NetName=PB12 Pin=J4-20
Added Pin To Net: NetName=GND Pin=R1-1
Added Pin To Net: NetName=NetR1_2 Pin=R1-2
Added Pin To Net: NetName=GND Pin=R2-1
Added Pin To Net: NetName=NetR2_2 Pin=R2-2
Added Pin To Net: NetName=BOOT0 Pin=R3-1
Added Pin To Net: NetName=NetJ1_3 Pin=R3-2
Added Pin To Net: NetName=NetJ1_4 Pin=R4-1
Added Pin To Net: NetName=BOOT1 Pin=R4-2
Added Pin To Net: NetName=RESET Pin=R5-1
Added Pin To Net: NetName=VCC3V3 Pin=R5-2
Added Pin To Net: NetName=OSCOUT Pin=R6-1
Added Pin To Net: NetName=OSCIN Pin=R6-2
Added Pin To Net: NetName=NetD1_K Pin=R7-1
Added Pin To Net: NetName=GND Pin=R7-2
Added Pin To Net: NetName=NetD2_K Pin=R8-1
Added Pin To Net: NetName=PC13 Pin=R8-2
Added Pin To Net: NetName=GND Pin=SW1-1
Added Pin To Net: NetName=RESET Pin=SW1-2
Added Pin To Net: NetName=VBAT Pin=U1-1
Added Pin To Net: NetName=PC13 Pin=U1-2
Added Pin To Net: NetName=PC14 Pin=U1-3
Added Pin To Net: NetName=PC15 Pin=U1-4
Added Pin To Net: NetName=OSCIN Pin=U1-5
Added Pin To Net: NetName=OSCOUT Pin=U1-6
Added Pin To Net: NetName=RESET Pin=U1-7
Added Pin To Net: NetName=GND Pin=U1-8
Added Pin To Net: NetName=VCC3V3 Pin=U1-9
Added Pin To Net: NetName=PA0 Pin=U1-10
Added Pin To Net: NetName=PA1 Pin=U1-11
Added Pin To Net: NetName=PA2 Pin=U1-12
Added Pin To Net: NetName=PA3 Pin=U1-13
Added Pin To Net: NetName=PA4 Pin=U1-14
Added Pin To Net: NetName=PA5 Pin=U1-15
Added Pin To Net: NetName=PA6 Pin=U1-16
Added Pin To Net: NetName=PA7 Pin=U1-17
Added Pin To Net: NetName=PB0 Pin=U1-18
Added Pin To Net: NetName=PB1 Pin=U1-19
Added Pin To Net: NetName=BOOT1 Pin=U1-20
Added Pin To Net: NetName=PB10 Pin=U1-21
Added Pin To Net: NetName=PB11 Pin=U1-22
Added Pin To Net: NetName=GND Pin=U1-23
Added Pin To Net: NetName=VCC3V3 Pin=U1-24
Added Pin To Net: NetName=PB12 Pin=U1-25
Added Pin To Net: NetName=PB13 Pin=U1-26
Added Pin To Net: NetName=PB14 Pin=U1-27
Added Pin To Net: NetName=PB15 Pin=U1-28
Added Pin To Net: NetName=PA8 Pin=U1-29
Added Pin To Net: NetName=PA9 Pin=U1-30
Added Pin To Net: NetName=PA10 Pin=U1-31
Added Pin To Net: NetName=PA11 Pin=U1-32
Added Pin To Net: NetName=PA12 Pin=U1-33
Added Pin To Net: NetName=SWDIO Pin=U1-34
Added Pin To Net: NetName=GND Pin=U1-35
Added Pin To Net: NetName=VCC3V3 Pin=U1-36
Added Pin To Net: NetName=SWCLK Pin=U1-37
Added Pin To Net: NetName=PA15 Pin=U1-38
Added Pin To Net: NetName=PB3 Pin=U1-39
Added Pin To Net: NetName=PB4 Pin=U1-40
Added Pin To Net: NetName=PB5 Pin=U1-41
Added Pin To Net: NetName=PB6 Pin=U1-42
Added Pin To Net: NetName=PB7 Pin=U1-43
Added Pin To Net: NetName=BOOT0 Pin=U1-44
Added Pin To Net: NetName=PB8 Pin=U1-45
Added Pin To Net: NetName=PB9 Pin=U1-46
Added Pin To Net: NetName=GND Pin=U1-47
Added Pin To Net: NetName=VCC3V3 Pin=U1-48
Added Pin To Net: NetName=UD+ Pin=U2-1
Added Pin To Net: NetName=UD- Pin=U2-2
Added Pin To Net: NetName=GND Pin=U2-3
Added Pin To Net: NetName=VCC5 Pin=U2-5
Added Pin To Net: NetName=PA10 Pin=U2-6
Added Pin To Net: NetName=PA9 Pin=U2-7
Added Pin To Net: NetName=NetC1_2 Pin=U2-8
Added Pin To Net: NetName=GND Pin=U3-1
Added Pin To Net: NetName=VCC3V3 Pin=U3-2
Added Pin To Net: NetName=VCC5 Pin=U3-3
Added Pin To Net: NetName=GND Pin=USB1-1
Added Pin To Net: NetName=VCC5 Pin=USB1-2
Added Pin To Net: NetName=NetR1_2 Pin=USB1-4
Added Pin To Net: NetName=UD- Pin=USB1-5
Added Pin To Net: NetName=UD+ Pin=USB1-6
Added Pin To Net: NetName=UD- Pin=USB1-7
Added Pin To Net: NetName=UD+ Pin=USB1-8
Added Pin To Net: NetName=NetR2_2 Pin=USB1-10
Added Pin To Net: NetName=VCC5 Pin=USB1-11
Added Pin To Net: NetName=GND Pin=USB1-12
Added Pin To Net: NetName=GND Pin=USB1-13
Added Pin To Net: NetName=GND Pin=USB1-14
Added Pin To Net: NetName=GND Pin=USB1-15
Added Pin To Net: NetName=GND Pin=USB1-16
Added Pin To Net: NetName=OSCOUT Pin=X1-1
Added Pin To Net: NetName=OSCIN Pin=X1-2
Added Pin To Net: NetName=PC15 Pin=X2-1
Added Pin To Net: NetName=PC14 Pin=X2-4
Added Member To Class: ClassName=stm32 Member=Component C1 100nF
Added Member To Class: ClassName=stm32 Member=Component C2 100nF
Added Member To Class: ClassName=stm32 Member=Component C3 1uF
Added Member To Class: ClassName=stm32 Member=Component C4 1uF
Added Member To Class: ClassName=stm32 Member=Component C7 100nF
Added Member To Class: ClassName=stm32 Member=Component C8 100nF
Added Member To Class: ClassName=stm32 Member=Component C9 100nF
Added Member To Class: ClassName=stm32 Member=Component C10 4.7uF
Added Member To Class: ClassName=stm32 Member=Component C11 100nF
Added Member To Class: ClassName=stm32 Member=Component C12 20pF
Added Member To Class: ClassName=stm32 Member=Component C13 20pF
Added Member To Class: ClassName=stm32 Member=Component C14 20pF
Added Member To Class: ClassName=stm32 Member=Component C15 20pF
Added Member To Class: ClassName=stm32 Member=Component C16 105
Added Member To Class: ClassName=stm32 Member=Component D1 LED
Added Member To Class: ClassName=stm32 Member=Component D2 LED
Added Member To Class: ClassName=stm32 Member=Component J1 Header 3X2
Added Member To Class: ClassName=stm32 Member=Component J2 SWD
Added Member To Class: ClassName=stm32 Member=Component J3 Header 20
Added Member To Class: ClassName=stm32 Member=Component J4 Header 20
Added Member To Class: ClassName=stm32 Member=Component R1 5.1K
Added Member To Class: ClassName=stm32 Member=Component R2 5.1K
Added Member To Class: ClassName=stm32 Member=Component R3 10K,0603
Added Member To Class: ClassName=stm32 Member=Component R4 10K,0603
Added Member To Class: ClassName=stm32 Member=Component R5 10K,0603
Added Member To Class: ClassName=stm32 Member=Component R6 1M
Added Member To Class: ClassName=stm32 Member=Component R7 510R
Added Member To Class: ClassName=stm32 Member=Component R8 510R
Added Member To Class: ClassName=stm32 Member=Component SW1 SW-PB_V
Added Member To Class: ClassName=stm32 Member=Component U1 STM32F103C8T6
Added Member To Class: ClassName=stm32 Member=Component U2 CH340N
Added Member To Class: ClassName=stm32 Member=Component U3 ME6206A33XG
Added Member To Class: ClassName=stm32 Member=Component USB1 TYPR-C 16PIN 2MD(073)
Added Member To Class: ClassName=stm32 Member=Component X1 Hz
Added Member To Class: ClassName=stm32 Member=Component X2 32.768kHz
Added Room: Name=stm32
